app/build/intermediates/manifest_merge_blame_file/release/manifest-merger-blame-release-report.txt
1<?xml version="1.0" encoding="utf-8"?>
2<manifest xmlns:android="http://schemas.android.com/apk/res/android"
3    package="com.adson.bd"
4    android:versionCode="704"
5    android:versionName="1.0.4" >
6
7    <uses-sdk
8        android:minSdkVersion="21"
8-->src\main\AndroidManifest.xml
9        android:targetSdkVersion="33" />
9-->src\main\AndroidManifest.xml
10
11    <uses-permission android:name="android.permission.ACCESS_NETWORK_STATE" />
11-->src\main\AndroidManifest.xml:5:5-79
11-->src\main\AndroidManifest.xml:5:22-76
12    <uses-permission android:name="android.permission.INTERNET" />
12-->src\main\AndroidManifest.xml:6:5-67
12-->src\main\AndroidManifest.xml:6:22-64
13    <uses-permission android:name="android.permission.GET_ACCOUNTS" />
13-->src\main\AndroidManifest.xml:7:5-71
13-->src\main\AndroidManifest.xml:7:22-68
14    <uses-permission android:name="com.sec.android.provider.badge.permission.READ" />
14-->src\main\AndroidManifest.xml:8:5-86
14-->src\main\AndroidManifest.xml:8:22-83
15    <uses-permission android:name="com.google.android.c2dm.permission.RECEIVE" />
15-->src\main\AndroidManifest.xml:9:5-82
15-->src\main\AndroidManifest.xml:9:22-79
16    <uses-permission android:name="android.permission.FOREGROUND_SERVICE" />
16-->src\main\AndroidManifest.xml:10:5-77
16-->src\main\AndroidManifest.xml:10:22-74
17    <uses-permission android:name="android.permission.ACCESS_WIFI_STATE" />
17-->src\main\AndroidManifest.xml:11:5-76
17-->src\main\AndroidManifest.xml:11:22-73
18    <uses-permission android:name="android.permission.READ_MEDIA_IMAGES" />
18-->src\main\AndroidManifest.xml:12:5-76
18-->src\main\AndroidManifest.xml:12:22-73
19    <uses-permission android:name="android.permission.WRITE_EXTERNAL_STORAGE" />
19-->src\main\AndroidManifest.xml:14:5-16:40
19-->src\main\AndroidManifest.xml:15:9-65
20    <uses-permission android:name="android.permission.FOREGROUND_SERVICE" />
20-->src\main\AndroidManifest.xml:10:5-77
20-->src\main\AndroidManifest.xml:10:22-74
21    <uses-permission android:name="android.permission.WAKE_LOCK" />
21-->src\main\AndroidManifest.xml:18:5-68
21-->src\main\AndroidManifest.xml:18:22-65
22    <uses-permission android:name="android.permission.QUERY_ALL_PACKAGES" />
22-->src\main\AndroidManifest.xml:19:5-21:53
22-->src\main\AndroidManifest.xml:20:9-61
23
24    <queries>
24-->src\main\AndroidManifest.xml:114:5-119:15
25        <package android:name="com.facebook.katana" />
25-->src\main\AndroidManifest.xml:115:9-55
25-->src\main\AndroidManifest.xml:115:18-52
26
27        <intent>
27-->src\main\AndroidManifest.xml:116:9-118:18
28            <action android:name="com.google.android.youtube.api.service.START" />
28-->src\main\AndroidManifest.xml:117:13-83
28-->src\main\AndroidManifest.xml:117:21-80
29        </intent>
30    </queries>
31    <queries>
31-->src\main\AndroidManifest.xml:114:5-119:15
32        <package android:name="com.whatsapp" />
32-->src\main\AndroidManifest.xml:121:9-48
32-->src\main\AndroidManifest.xml:121:18-45
33        <package android:name="com.whatsapp.w4b" />
33-->src\main\AndroidManifest.xml:122:9-52
33-->src\main\AndroidManifest.xml:122:18-49
34        <package android:name="com.android.vending" />
34-->src\main\AndroidManifest.xml:123:9-55
34-->src\main\AndroidManifest.xml:123:18-52
35    </queries>
36
37    <uses-permission android:name="android.permission.CAMERA" />
37-->[:imagepicker] AndroidManifest.xml:8:5-65
37-->[:imagepicker] AndroidManifest.xml:8:22-62
38    <uses-permission android:name="android.permission.READ_EXTERNAL_STORAGE" /> <!-- Create a unique permission for your app and use it so only your app can receive your OneSignal messages. -->
39    <permission
39-->[com.onesignal:OneSignal:4.8.6] AndroidManifest.xml:7:5-9:47
40        android:name="com.adson.bd.permission.C2D_MESSAGE"
40-->[com.onesignal:OneSignal:4.8.6] AndroidManifest.xml:8:9-63
41        android:protectionLevel="signature" />
41-->[com.onesignal:OneSignal:4.8.6] AndroidManifest.xml:9:9-44
42
43    <uses-permission android:name="com.adson.bd.permission.C2D_MESSAGE" /> <!-- OneSignal SDK has runtime checks Android version. -->
43-->[com.onesignal:OneSignal:4.8.6] AndroidManifest.xml:11:5-79
43-->[com.onesignal:OneSignal:4.8.6] AndroidManifest.xml:11:22-76
44    <!-- <uses-sdk tools:overrideLibrary="android.support.customtabs"/> -->
45    <!-- Required runtime permission to display notifications on Android 13 -->
46    <uses-permission android:name="android.permission.POST_NOTIFICATIONS" />
46-->[com.onesignal:OneSignal:4.8.6] AndroidManifest.xml:16:5-77
46-->[com.onesignal:OneSignal:4.8.6] AndroidManifest.xml:16:22-74
47    <!--
48 Required so the device vibrates on receiving a push notification.
49         Vibration settings of the device still apply.
50    -->
51    <uses-permission android:name="android.permission.VIBRATE" />
51-->[com.onesignal:OneSignal:4.8.6] AndroidManifest.xml:24:5-66
51-->[com.onesignal:OneSignal:4.8.6] AndroidManifest.xml:24:22-63
52    <!--
53 Use to restore notifications the user hasn't interacted with.
54         They could be missed notifications if the user reboots their device if this isn't in place.
55    -->
56    <uses-permission android:name="android.permission.RECEIVE_BOOT_COMPLETED" />
56-->[com.onesignal:OneSignal:4.8.6] AndroidManifest.xml:30:5-81
56-->[com.onesignal:OneSignal:4.8.6] AndroidManifest.xml:30:22-78
57    <uses-permission android:name="com.sec.android.provider.badge.permission.WRITE" /> <!-- HTC -->
57-->[com.onesignal:OneSignal:4.8.6] AndroidManifest.xml:33:5-87
57-->[com.onesignal:OneSignal:4.8.6] AndroidManifest.xml:33:22-84
58    <uses-permission android:name="com.htc.launcher.permission.READ_SETTINGS" />
58-->[com.onesignal:OneSignal:4.8.6] AndroidManifest.xml:34:5-81
58-->[com.onesignal:OneSignal:4.8.6] AndroidManifest.xml:34:22-78
59    <uses-permission android:name="com.htc.launcher.permission.UPDATE_SHORTCUT" /> <!-- Sony -->
59-->[com.onesignal:OneSignal:4.8.6] AndroidManifest.xml:35:5-83
59-->[com.onesignal:OneSignal:4.8.6] AndroidManifest.xml:35:22-80
60    <uses-permission android:name="com.sonyericsson.home.permission.BROADCAST_BADGE" />
60-->[com.onesignal:OneSignal:4.8.6] AndroidManifest.xml:36:5-88
60-->[com.onesignal:OneSignal:4.8.6] AndroidManifest.xml:36:22-85
61    <uses-permission android:name="com.sonymobile.home.permission.PROVIDER_INSERT_BADGE" /> <!-- Apex -->
61-->[com.onesignal:OneSignal:4.8.6] AndroidManifest.xml:37:5-92
61-->[com.onesignal:OneSignal:4.8.6] AndroidManifest.xml:37:22-89
62    <uses-permission android:name="com.anddoes.launcher.permission.UPDATE_COUNT" /> <!-- Solid -->
62-->[com.onesignal:OneSignal:4.8.6] AndroidManifest.xml:38:5-84
62-->[com.onesignal:OneSignal:4.8.6] AndroidManifest.xml:38:22-81
63    <uses-permission android:name="com.majeur.launcher.permission.UPDATE_BADGE" /> <!-- Huawei -->
63-->[com.onesignal:OneSignal:4.8.6] AndroidManifest.xml:39:5-83
63-->[com.onesignal:OneSignal:4.8.6] AndroidManifest.xml:39:22-80
64    <uses-permission android:name="com.huawei.android.launcher.permission.CHANGE_BADGE" />
64-->[com.onesignal:OneSignal:4.8.6] AndroidManifest.xml:40:5-91
64-->[com.onesignal:OneSignal:4.8.6] AndroidManifest.xml:40:22-88
65    <uses-permission android:name="com.huawei.android.launcher.permission.READ_SETTINGS" />
65-->[com.onesignal:OneSignal:4.8.6] AndroidManifest.xml:41:5-92
65-->[com.onesignal:OneSignal:4.8.6] AndroidManifest.xml:41:22-89
66    <uses-permission android:name="com.huawei.android.launcher.permission.WRITE_SETTINGS" /> <!-- ZUK -->
66-->[com.onesignal:OneSignal:4.8.6] AndroidManifest.xml:42:5-93
66-->[com.onesignal:OneSignal:4.8.6] AndroidManifest.xml:42:22-90
67    <uses-permission android:name="android.permission.READ_APP_BADGE" /> <!-- OPPO -->
67-->[com.onesignal:OneSignal:4.8.6] AndroidManifest.xml:43:5-73
67-->[com.onesignal:OneSignal:4.8.6] AndroidManifest.xml:43:22-70
68    <uses-permission android:name="com.oppo.launcher.permission.READ_SETTINGS" />
68-->[com.onesignal:OneSignal:4.8.6] AndroidManifest.xml:44:5-82
68-->[com.onesignal:OneSignal:4.8.6] AndroidManifest.xml:44:22-79
69    <uses-permission android:name="com.oppo.launcher.permission.WRITE_SETTINGS" /> <!-- EvMe -->
69-->[com.onesignal:OneSignal:4.8.6] AndroidManifest.xml:45:5-83
69-->[com.onesignal:OneSignal:4.8.6] AndroidManifest.xml:45:22-80
70    <uses-permission android:name="me.everything.badger.permission.BADGE_COUNT_READ" />
70-->[com.onesignal:OneSignal:4.8.6] AndroidManifest.xml:46:5-88
70-->[com.onesignal:OneSignal:4.8.6] AndroidManifest.xml:46:22-85
71    <uses-permission android:name="me.everything.badger.permission.BADGE_COUNT_WRITE" />
71-->[com.onesignal:OneSignal:4.8.6] AndroidManifest.xml:47:5-89
71-->[com.onesignal:OneSignal:4.8.6] AndroidManifest.xml:47:22-86
72    <uses-permission android:name="com.google.android.finsky.permission.BIND_GET_INSTALL_REFERRER_SERVICE" />
72-->[com.google.android.gms:play-services-measurement:21.0.0] AndroidManifest.xml:26:5-110
72-->[com.google.android.gms:play-services-measurement:21.0.0] AndroidManifest.xml:26:22-107
73    <uses-permission android:name="com.google.android.gms.permission.AD_ID" />
73-->[com.google.android.gms:play-services-measurement-impl:21.0.0] AndroidManifest.xml:27:5-79
73-->[com.google.android.gms:play-services-measurement-impl:21.0.0] AndroidManifest.xml:27:22-76
74
75    <permission
75-->[androidx.core:core:1.9.0] AndroidManifest.xml:22:5-24:47
76        android:name="com.adson.bd.DYNAMIC_RECEIVER_NOT_EXPORTED_PERMISSION"
76-->[androidx.core:core:1.9.0] AndroidManifest.xml:23:9-81
77        android:protectionLevel="signature" />
77-->[androidx.core:core:1.9.0] AndroidManifest.xml:24:9-44
78
79    <uses-permission android:name="com.adson.bd.DYNAMIC_RECEIVER_NOT_EXPORTED_PERMISSION" />
79-->[androidx.core:core:1.9.0] AndroidManifest.xml:26:5-97
79-->[androidx.core:core:1.9.0] AndroidManifest.xml:26:22-94
80
81    <application
81-->src\main\AndroidManifest.xml:23:5-112:19
82        android:name="com.ILoveDeshi.Android_Source_Code.util.YouApplication"
82-->src\main\AndroidManifest.xml:24:9-78
83        android:allowBackup="true"
83-->src\main\AndroidManifest.xml:25:9-35
84        android:appComponentFactory="androidx.core.app.CoreComponentFactory"
84-->[androidx.core:core:1.9.0] AndroidManifest.xml:28:18-86
85        android:hardwareAccelerated="true"
85-->src\main\AndroidManifest.xml:26:9-43
86        android:icon="@mipmap/ic_launcher"
86-->src\main\AndroidManifest.xml:27:9-43
87        android:label="@string/app_name"
87-->src\main\AndroidManifest.xml:28:9-41
88        android:largeHeap="true"
88-->src\main\AndroidManifest.xml:29:9-33
89        android:networkSecurityConfig="@xml/network"
89-->src\main\AndroidManifest.xml:30:9-53
90        android:requestLegacyExternalStorage="true"
90-->src\main\AndroidManifest.xml:31:9-52
91        android:roundIcon="@mipmap/ic_launcher_round"
91-->src\main\AndroidManifest.xml:32:9-54
92        android:supportsRtl="true"
92-->src\main\AndroidManifest.xml:33:9-35
93        android:theme="@style/AppTheme"
93-->src\main\AndroidManifest.xml:34:9-40
94        android:usesCleartextTraffic="true" >
94-->src\main\AndroidManifest.xml:35:9-44
95        <activity
95-->src\main\AndroidManifest.xml:36:9-45:20
96            android:name="com.ILoveDeshi.Android_Source_Code.activity.WelcomeActivity"
96-->src\main\AndroidManifest.xml:37:13-87
97            android:exported="true"
97-->src\main\AndroidManifest.xml:38:13-36
98            android:label="@string/app_name"
98-->src\main\AndroidManifest.xml:39:13-45
99            android:theme="@style/AppTheme.NoActionBar" >
99-->src\main\AndroidManifest.xml:40:13-56
100            <intent-filter>
100-->src\main\AndroidManifest.xml:41:13-44:29
101                <action android:name="android.intent.action.MAIN" />
101-->src\main\AndroidManifest.xml:42:17-69
101-->src\main\AndroidManifest.xml:42:25-66
102
103                <category android:name="android.intent.category.LAUNCHER" />
103-->src\main\AndroidManifest.xml:43:17-77
103-->src\main\AndroidManifest.xml:43:27-74
104            </intent-filter>
105        </activity>
106        <activity android:name="com.ILoveDeshi.Android_Source_Code.activity.SplashScreen" />
106-->src\main\AndroidManifest.xml:46:9-93
106-->src\main\AndroidManifest.xml:46:19-90
107        <activity
107-->src\main\AndroidManifest.xml:47:9-51:56
108            android:name="com.ILoveDeshi.Android_Source_Code.activity.MainActivity"
108-->src\main\AndroidManifest.xml:48:13-84
109            android:configChanges="orientation|screenLayout|screenSize"
109-->src\main\AndroidManifest.xml:49:13-72
110            android:screenOrientation="portrait" />
110-->src\main\AndroidManifest.xml:50:13-49
111        <activity android:name="com.ILoveDeshi.Android_Source_Code.activity.SubscribeActivity" />
111-->src\main\AndroidManifest.xml:52:9-98
111-->src\main\AndroidManifest.xml:52:19-95
112        <activity android:name="com.ILoveDeshi.Android_Source_Code.activity.GoogleSignInActivity" />
112-->src\main\AndroidManifest.xml:53:9-101
112-->src\main\AndroidManifest.xml:53:19-98
113        <activity android:name="com.ILoveDeshi.Android_Source_Code.activity.AboutUs" />
113-->src\main\AndroidManifest.xml:54:9-88
113-->src\main\AndroidManifest.xml:54:19-85
114        <activity android:name="com.ILoveDeshi.Android_Source_Code.activity.PrivacyPolicy" />
114-->src\main\AndroidManifest.xml:55:9-94
114-->src\main\AndroidManifest.xml:55:19-91
115        <activity android:name="com.ILoveDeshi.Android_Source_Code.activity.Login" />
115-->src\main\AndroidManifest.xml:56:9-86
115-->src\main\AndroidManifest.xml:56:19-83
116        <activity android:name="com.ILoveDeshi.Android_Source_Code.activity.Register" />
116-->src\main\AndroidManifest.xml:57:9-89
116-->src\main\AndroidManifest.xml:57:19-86
117        <activity android:name="com.ILoveDeshi.Android_Source_Code.activity.ForgetPassword" />
117-->src\main\AndroidManifest.xml:58:9-95
117-->src\main\AndroidManifest.xml:58:19-92
118        <activity android:name="com.ILoveDeshi.Android_Source_Code.activity.EnterReferenceCode" />
118-->src\main\AndroidManifest.xml:59:9-99
118-->src\main\AndroidManifest.xml:59:19-96
119        <activity android:name="com.ILoveDeshi.Android_Source_Code.activity.DeleteAccount" />
119-->src\main\AndroidManifest.xml:60:9-94
119-->src\main\AndroidManifest.xml:60:19-91
120        <activity android:name="com.ILoveDeshi.Android_Source_Code.activity.RewardPointClaim" />
120-->src\main\AndroidManifest.xml:61:9-97
120-->src\main\AndroidManifest.xml:61:19-94
121        <activity android:name="com.ILoveDeshi.Android_Source_Code.activity.Verification" />
121-->src\main\AndroidManifest.xml:62:9-93
121-->src\main\AndroidManifest.xml:62:19-90
122        <activity
122-->src\main\AndroidManifest.xml:63:9-66:56
123            android:name="com.ILoveDeshi.Android_Source_Code.activity.ContactUs"
123-->src\main\AndroidManifest.xml:64:13-81
124            android:screenOrientation="portrait" />
124-->src\main\AndroidManifest.xml:65:13-49
125        <activity android:name="com.ILoveDeshi.Android_Source_Code.activity.ViewYouTube" />
125-->src\main\AndroidManifest.xml:67:9-92
125-->src\main\AndroidManifest.xml:67:19-89
126        <activity android:name="com.ILoveDeshi.Android_Source_Code.activity.ViewYouTubeApp" />
126-->src\main\AndroidManifest.xml:68:9-95
126-->src\main\AndroidManifest.xml:68:19-92
127        <activity android:name="com.ILoveDeshi.Android_Source_Code.activity.Faq" />
127-->src\main\AndroidManifest.xml:69:9-84
127-->src\main\AndroidManifest.xml:69:19-81
128        <activity android:name="com.ILoveDeshi.Android_Source_Code.activity.PointDetail" />
128-->src\main\AndroidManifest.xml:70:9-92
128-->src\main\AndroidManifest.xml:70:19-89
129        <activity android:name="com.ILoveDeshi.Android_Source_Code.activity.ViewImage" />
129-->src\main\AndroidManifest.xml:71:9-90
129-->src\main\AndroidManifest.xml:71:19-87
130        <activity android:name="com.ILoveDeshi.Android_Source_Code.activity.AVStatus" />
130-->src\main\AndroidManifest.xml:72:9-89
130-->src\main\AndroidManifest.xml:72:19-86
131        <activity android:name="com.ILoveDeshi.Android_Source_Code.activity.Suspend" />
131-->src\main\AndroidManifest.xml:73:9-88
131-->src\main\AndroidManifest.xml:73:19-85
132        <activity android:name="com.ILoveDeshi.Android_Source_Code.activity.AccountVerification" />
132-->src\main\AndroidManifest.xml:74:9-100
132-->src\main\AndroidManifest.xml:74:19-97
133        <activity android:name="com.ILoveDeshi.Android_Source_Code.activity.Spinner" />
133-->src\main\AndroidManifest.xml:75:9-88
133-->src\main\AndroidManifest.xml:75:19-85
134        <activity android:name="com.ILoveDeshi.Android_Source_Code.activity.PlayAd" />
134-->src\main\AndroidManifest.xml:76:9-87
134-->src\main\AndroidManifest.xml:76:19-84
135        <activity
135-->src\main\AndroidManifest.xml:77:9-79:59
136            android:name="com.theartofdev.edmodo.cropper.CropImageActivity"
136-->src\main\AndroidManifest.xml:78:13-76
137            android:theme="@style/Base.Theme.AppCompat" />
137-->src\main\AndroidManifest.xml:79:13-56
138
139        <meta-data
139-->src\main\AndroidManifest.xml:81:9-83:48
140            android:name="com.google.android.gms.ads.APPLICATION_ID"
140-->src\main\AndroidManifest.xml:82:13-69
141            android:value="@string/admob_id" />
141-->src\main\AndroidManifest.xml:83:13-45
142        <meta-data
142-->src\main\AndroidManifest.xml:84:9-86:36
143            android:name="com.google.android.gms.ads.AD_MANAGER_APP"
143-->src\main\AndroidManifest.xml:85:13-69
144            android:value="true" />
144-->src\main\AndroidManifest.xml:86:13-33
145        <meta-data
145-->src\main\AndroidManifest.xml:87:9-89:55
146            android:name="com.facebook.sdk.ApplicationId"
146-->src\main\AndroidManifest.xml:88:13-58
147            android:value="@string/facebook_app_id" />
147-->src\main\AndroidManifest.xml:89:13-52
148        <meta-data
148-->src\main\AndroidManifest.xml:90:9-92:61
149            android:name="com.facebook.sdk.ClientToken"
149-->src\main\AndroidManifest.xml:91:13-56
150            android:value="@string/facebook_client_token" />
150-->src\main\AndroidManifest.xml:92:13-58
151
152        <activity
152-->src\main\AndroidManifest.xml:94:9-97:48
153            android:name="com.facebook.FacebookActivity"
153-->src\main\AndroidManifest.xml:95:13-57
154            android:configChanges="keyboard|keyboardHidden|screenLayout|screenSize|orientation"
154-->src\main\AndroidManifest.xml:96:13-96
155            android:label="@string/app_name"
155-->src\main\AndroidManifest.xml:97:13-45
156            android:theme="@style/com_facebook_activity_theme" />
156-->[com.facebook.android:facebook-common:16.0.1] AndroidManifest.xml:25:13-63
157        <activity
157-->src\main\AndroidManifest.xml:98:9-111:20
158            android:name="com.facebook.CustomTabActivity"
158-->src\main\AndroidManifest.xml:99:13-58
159            android:exported="true" >
159-->src\main\AndroidManifest.xml:100:13-36
160            <intent-filter>
160-->src\main\AndroidManifest.xml:101:13-110:29
161                <action android:name="android.intent.action.VIEW" />
161-->src\main\AndroidManifest.xml:102:17-69
161-->src\main\AndroidManifest.xml:102:25-66
162
163                <category android:name="android.intent.category.DEFAULT" />
163-->src\main\AndroidManifest.xml:104:17-76
163-->src\main\AndroidManifest.xml:104:27-73
164                <category android:name="android.intent.category.BROWSABLE" />
164-->src\main\AndroidManifest.xml:105:17-78
164-->src\main\AndroidManifest.xml:105:27-75
165
166                <data android:scheme="@string/fb_login_protocol_scheme" />
166-->src\main\AndroidManifest.xml:107:17-109:55
166-->src\main\AndroidManifest.xml:108:21-70
167            </intent-filter>
168            <intent-filter>
168-->[com.facebook.android:facebook-common:16.0.1] AndroidManifest.xml:31:13-40:29
169                <action android:name="android.intent.action.VIEW" />
169-->src\main\AndroidManifest.xml:102:17-69
169-->src\main\AndroidManifest.xml:102:25-66
170
171                <category android:name="android.intent.category.DEFAULT" />
171-->src\main\AndroidManifest.xml:104:17-76
171-->src\main\AndroidManifest.xml:104:27-73
172                <category android:name="android.intent.category.BROWSABLE" />
172-->src\main\AndroidManifest.xml:105:17-78
172-->src\main\AndroidManifest.xml:105:27-75
173
174                <data
174-->src\main\AndroidManifest.xml:107:17-109:55
175                    android:host="cct.com.adson.bd"
176                    android:scheme="fbconnect" />
176-->src\main\AndroidManifest.xml:108:21-70
177            </intent-filter>
178        </activity>
179        <activity
179-->[com.karumi:dexter:6.2.3] AndroidManifest.xml:27:9-29:72
180            android:name="com.karumi.dexter.DexterActivity"
180-->[com.karumi:dexter:6.2.3] AndroidManifest.xml:28:13-60
181            android:theme="@style/Dexter.Internal.Theme.Transparent" />
181-->[com.karumi:dexter:6.2.3] AndroidManifest.xml:29:13-69
182        <activity
182-->[:imagepicker] AndroidManifest.xml:12:9-15:67
183            android:name="org.nguyenhoanglam.imagepicker.ui.imagepicker.ImagePickerActivity"
183-->[:imagepicker] AndroidManifest.xml:13:13-93
184            android:configChanges="orientation|screenSize"
184-->[:imagepicker] AndroidManifest.xml:14:13-59
185            android:theme="@style/imagepicker_ImagePickerTheme" />
185-->[:imagepicker] AndroidManifest.xml:15:13-64
186        <activity
186-->[:imagepicker] AndroidManifest.xml:16:9-19:62
187            android:name="org.nguyenhoanglam.imagepicker.ui.camera.CameraActivty"
187-->[:imagepicker] AndroidManifest.xml:17:13-82
188            android:screenOrientation="portrait"
188-->[:imagepicker] AndroidManifest.xml:18:13-49
189            android:theme="@style/imagepicker_CameraTheme" />
189-->[:imagepicker] AndroidManifest.xml:19:13-59
190
191        <provider
191-->[:imagepicker] AndroidManifest.xml:21:9-29:20
192            android:name="androidx.core.content.FileProvider"
192-->[:imagepicker] AndroidManifest.xml:22:13-62
193            android:authorities="com.adson.bd.fileprovider"
193-->[:imagepicker] AndroidManifest.xml:23:13-64
194            android:exported="false"
194-->[:imagepicker] AndroidManifest.xml:24:13-37
195            android:grantUriPermissions="true" >
195-->[:imagepicker] AndroidManifest.xml:25:13-47
196            <meta-data
196-->[:imagepicker] AndroidManifest.xml:26:13-28:66
197                android:name="android.support.FILE_PROVIDER_PATHS"
197-->[:imagepicker] AndroidManifest.xml:27:17-67
198                android:resource="@xml/imagepicker_file_paths" />
198-->[:imagepicker] AndroidManifest.xml:28:17-63
199        </provider>
200
201        <receiver
201-->[com.onesignal:OneSignal:4.8.6] AndroidManifest.xml:50:9-61:20
202            android:name="com.onesignal.FCMBroadcastReceiver"
202-->[com.onesignal:OneSignal:4.8.6] AndroidManifest.xml:51:13-62
203            android:exported="true"
203-->[com.onesignal:OneSignal:4.8.6] AndroidManifest.xml:52:13-36
204            android:permission="com.google.android.c2dm.permission.SEND" >
204-->[com.onesignal:OneSignal:4.8.6] AndroidManifest.xml:53:13-73
205
206            <!-- High priority so OneSignal payloads can be filtered from other FCM receivers -->
207            <intent-filter android:priority="999" >
207-->[com.onesignal:OneSignal:4.8.6] AndroidManifest.xml:56:13-60:29
207-->[com.onesignal:OneSignal:4.8.6] AndroidManifest.xml:56:28-50
208                <action android:name="com.google.android.c2dm.intent.RECEIVE" />
208-->[com.onesignal:OneSignal:4.8.6] AndroidManifest.xml:57:17-81
208-->[com.onesignal:OneSignal:4.8.6] AndroidManifest.xml:57:25-78
209
210                <category android:name="com.adson.bd" />
210-->[com.onesignal:OneSignal:4.8.6] AndroidManifest.xml:59:17-61
210-->[com.onesignal:OneSignal:4.8.6] AndroidManifest.xml:59:27-58
211            </intent-filter>
212        </receiver>
213
214        <service
214-->[com.onesignal:OneSignal:4.8.6] AndroidManifest.xml:63:9-69:19
215            android:name="com.onesignal.HmsMessageServiceOneSignal"
215-->[com.onesignal:OneSignal:4.8.6] AndroidManifest.xml:64:13-68
216            android:exported="false" >
216-->[com.onesignal:OneSignal:4.8.6] AndroidManifest.xml:65:13-37
217            <intent-filter>
217-->[com.onesignal:OneSignal:4.8.6] AndroidManifest.xml:66:13-68:29
218                <action android:name="com.huawei.push.action.MESSAGING_EVENT" />
218-->[com.onesignal:OneSignal:4.8.6] AndroidManifest.xml:67:17-81
218-->[com.onesignal:OneSignal:4.8.6] AndroidManifest.xml:67:25-78
219            </intent-filter>
220        </service>
221
222        <activity
222-->[com.onesignal:OneSignal:4.8.6] AndroidManifest.xml:71:9-79:20
223            android:name="com.onesignal.NotificationOpenedActivityHMS"
223-->[com.onesignal:OneSignal:4.8.6] AndroidManifest.xml:72:13-71
224            android:exported="true"
224-->[com.onesignal:OneSignal:4.8.6] AndroidManifest.xml:73:13-36
225            android:noHistory="true"
225-->[com.onesignal:OneSignal:4.8.6] AndroidManifest.xml:74:13-37
226            android:theme="@android:style/Theme.Translucent.NoTitleBar" >
226-->[com.onesignal:OneSignal:4.8.6] AndroidManifest.xml:75:13-72
227            <intent-filter>
227-->[com.onesignal:OneSignal:4.8.6] AndroidManifest.xml:76:13-78:29
228                <action android:name="android.intent.action.VIEW" />
228-->src\main\AndroidManifest.xml:102:17-69
228-->src\main\AndroidManifest.xml:102:25-66
229            </intent-filter>
230        </activity>
231
232        <service
232-->[com.onesignal:OneSignal:4.8.6] AndroidManifest.xml:81:9-83:40
233            android:name="com.onesignal.FCMIntentService"
233-->[com.onesignal:OneSignal:4.8.6] AndroidManifest.xml:82:13-58
234            android:exported="false" />
234-->[com.onesignal:OneSignal:4.8.6] AndroidManifest.xml:83:13-37
235        <service
235-->[com.onesignal:OneSignal:4.8.6] AndroidManifest.xml:84:9-87:72
236            android:name="com.onesignal.FCMIntentJobService"
236-->[com.onesignal:OneSignal:4.8.6] AndroidManifest.xml:85:13-61
237            android:exported="false"
237-->[com.onesignal:OneSignal:4.8.6] AndroidManifest.xml:86:13-37
238            android:permission="android.permission.BIND_JOB_SERVICE" />
238-->[com.onesignal:OneSignal:4.8.6] AndroidManifest.xml:87:13-69
239        <service
239-->[com.onesignal:OneSignal:4.8.6] AndroidManifest.xml:88:9-91:43
240            android:name="com.onesignal.SyncService"
240-->[com.onesignal:OneSignal:4.8.6] AndroidManifest.xml:89:13-53
241            android:exported="false"
241-->[com.onesignal:OneSignal:4.8.6] AndroidManifest.xml:90:13-37
242            android:stopWithTask="true" />
242-->[com.onesignal:OneSignal:4.8.6] AndroidManifest.xml:91:13-40
243        <service
243-->[com.onesignal:OneSignal:4.8.6] AndroidManifest.xml:92:9-95:72
244            android:name="com.onesignal.SyncJobService"
244-->[com.onesignal:OneSignal:4.8.6] AndroidManifest.xml:93:13-56
245            android:exported="false"
245-->[com.onesignal:OneSignal:4.8.6] AndroidManifest.xml:94:13-37
246            android:permission="android.permission.BIND_JOB_SERVICE" />
246-->[com.onesignal:OneSignal:4.8.6] AndroidManifest.xml:95:13-69
247
248        <activity
248-->[com.onesignal:OneSignal:4.8.6] AndroidManifest.xml:97:9-100:75
249            android:name="com.onesignal.PermissionsActivity"
249-->[com.onesignal:OneSignal:4.8.6] AndroidManifest.xml:98:13-61
250            android:exported="false"
250-->[com.onesignal:OneSignal:4.8.6] AndroidManifest.xml:99:13-37
251            android:theme="@android:style/Theme.Translucent.NoTitleBar" />
251-->[com.onesignal:OneSignal:4.8.6] AndroidManifest.xml:100:13-72
252
253        <receiver
253-->[com.onesignal:OneSignal:4.8.6] AndroidManifest.xml:102:9-104:39
254            android:name="com.onesignal.NotificationDismissReceiver"
254-->[com.onesignal:OneSignal:4.8.6] AndroidManifest.xml:103:13-69
255            android:exported="true" />
255-->[com.onesignal:OneSignal:4.8.6] AndroidManifest.xml:104:13-36
256        <receiver
256-->[com.onesignal:OneSignal:4.8.6] AndroidManifest.xml:105:9-112:20
257            android:name="com.onesignal.BootUpReceiver"
257-->[com.onesignal:OneSignal:4.8.6] AndroidManifest.xml:106:13-56
258            android:exported="true" >
258-->[com.onesignal:OneSignal:4.8.6] AndroidManifest.xml:107:13-36
259            <intent-filter>
259-->[com.onesignal:OneSignal:4.8.6] AndroidManifest.xml:108:13-111:29
260                <action android:name="android.intent.action.BOOT_COMPLETED" />
260-->[com.onesignal:OneSignal:4.8.6] AndroidManifest.xml:109:17-79
260-->[com.onesignal:OneSignal:4.8.6] AndroidManifest.xml:109:25-76
261                <action android:name="android.intent.action.QUICKBOOT_POWERON" />
261-->[com.onesignal:OneSignal:4.8.6] AndroidManifest.xml:110:17-82
261-->[com.onesignal:OneSignal:4.8.6] AndroidManifest.xml:110:25-79
262            </intent-filter>
263        </receiver>
264        <receiver
264-->[com.onesignal:OneSignal:4.8.6] AndroidManifest.xml:113:9-119:20
265            android:name="com.onesignal.UpgradeReceiver"
265-->[com.onesignal:OneSignal:4.8.6] AndroidManifest.xml:114:13-57
266            android:exported="true" >
266-->[com.onesignal:OneSignal:4.8.6] AndroidManifest.xml:115:13-36
267            <intent-filter>
267-->[com.onesignal:OneSignal:4.8.6] AndroidManifest.xml:116:13-118:29
268                <action android:name="android.intent.action.MY_PACKAGE_REPLACED" />
268-->[com.onesignal:OneSignal:4.8.6] AndroidManifest.xml:117:17-84
268-->[com.onesignal:OneSignal:4.8.6] AndroidManifest.xml:117:25-81
269            </intent-filter>
270        </receiver>
271
272        <activity
272-->[com.onesignal:OneSignal:4.8.6] AndroidManifest.xml:121:9-127:75